00:05:28,477 |-INFO in ch.qos.logback.classic.LoggerContext[default] - Could NOT find resource [logback.groovy]
00:05:28,478 |-INFO in ch.qos.logback.classic.LoggerContext[default] - Could NOT find resource [logback-test.xml]
00:05:28,478 |-INFO in ch.qos.logback.classic.LoggerContext[default] - Found resource [logback.xml] at [jar:file:/Users/zs/Documents/projects/TeamWork/OnlineES/OnlineESProject/teacher-client/teacher-client-0.0.1-SNAPSHOT.war!/WEB-INF/classes!/logback.xml]
00:05:28,544 |-INFO in ch.qos.logback.core.joran.spi.ConfigurationWatchList@682a0b20 - URL [jar:file:/Users/zs/Documents/projects/TeamWork/OnlineES/OnlineESProject/teacher-client/teacher-client-0.0.1-SNAPSHOT.war!/WEB-INF/classes!/logback.xml] is not of type file
00:05:28,661 |-INFO in ch.qos.logback.classic.joran.action.ConfigurationAction - Will scan for changes in [jar:file:/Users/zs/Documents/projects/TeamWork/OnlineES/OnlineESProject/teacher-client/teacher-client-0.0.1-SNAPSHOT.war!/WEB-INF/classes!/logback.xml] 
00:05:28,661 |-INFO in ch.qos.logback.classic.joran.action.ConfigurationAction - Setting ReconfigureOnChangeTask scanning period to 1 minutes
00:05:28,665 |-INFO in ch.qos.logback.classic.joran.action.ContextNameAction - Setting logger context name as [onlineES]
00:05:28,665 |-INFO in ch.qos.logback.classic.joran.action.JMXConfiguratorAction - begin
00:05:28,745 |-INFO in ch.qos.logback.core.joran.action.AppenderAction - About to instantiate appender of type [ch.qos.logback.core.ConsoleAppender]
00:05:28,756 |-INFO in ch.qos.logback.core.joran.action.AppenderAction - Naming appender as [console]
00:05:28,766 |-INFO in ch.qos.logback.core.joran.action.NestedComplexPropertyIA - Assuming default type [ch.qos.logback.classic.encoder.PatternLayoutEncoder] for [encoder] property
00:05:28,817 |-INFO in ch.qos.logback.core.joran.action.AppenderAction - About to instantiate appender of type [ch.qos.logback.core.rolling.RollingFileAppender]
00:05:28,823 |-INFO in ch.qos.logback.core.joran.action.AppenderAction - Naming appender as [file]
00:05:28,836 |-INFO in c.q.l.core.rolling.TimeBasedRollingPolicy@379110473 - No compression will be used
00:05:28,838 |-INFO in c.q.l.core.rolling.TimeBasedRollingPolicy@379110473 - Will use the pattern logs/teacher.%d{yyyy-MM-dd}.log for the active file
00:05:28,845 |-INFO in c.q.l.core.rolling.DefaultTimeBasedFileNamingAndTriggeringPolicy - The date pattern is 'yyyy-MM-dd' from file name pattern 'logs/teacher.%d{yyyy-MM-dd}.log'.
00:05:28,845 |-INFO in c.q.l.core.rolling.DefaultTimeBasedFileNamingAndTriggeringPolicy - Roll-over at midnight.
00:05:28,848 |-INFO in c.q.l.core.rolling.DefaultTimeBasedFileNamingAndTriggeringPolicy - Setting initial period to Sat Jan 06 00:05:28 CST 2018
00:05:28,851 |-WARN in ch.qos.logback.core.rolling.RollingFileAppender[file] - This appender no longer admits a layout as a sub-component, set an encoder instead.
00:05:28,851 |-WARN in ch.qos.logback.core.rolling.RollingFileAppender[file] - To ensure compatibility, wrapping your layout in LayoutWrappingEncoder.
00:05:28,851 |-WARN in ch.qos.logback.core.rolling.RollingFileAppender[file] - See also http://logback.qos.ch/codes.html#layoutInsteadOfEncoder for details
00:05:28,854 |-INFO in ch.qos.logback.core.rolling.RollingFileAppender[file] - Active log file name: logs/teacher.2018-01-06.log
00:05:28,854 |-INFO in ch.qos.logback.core.rolling.RollingFileAppender[file] - File property is set to [null]
00:05:28,856 |-INFO in ch.qos.logback.classic.joran.action.LoggerAction - Setting level of logger [cn.edu.nju.software] to DEBUG
00:05:28,856 |-INFO in ch.qos.logback.classic.joran.action.LoggerAction - Setting level of logger [jdbc.sqltiming] to INFO
00:05:28,856 |-INFO in ch.qos.logback.classic.joran.action.LoggerAction - Setting level of logger [org.springframework] to INFO
00:05:28,856 |-INFO in ch.qos.logback.classic.joran.action.RootLoggerAction - Setting level of ROOT logger to INFO
00:05:28,857 |-INFO in ch.qos.logback.core.joran.action.AppenderRefAction - Attaching appender named [console] to Logger[ROOT]
00:05:28,857 |-INFO in ch.qos.logback.core.joran.action.AppenderRefAction - Attaching appender named [file] to Logger[ROOT]
00:05:28,857 |-INFO in ch.qos.logback.classic.joran.action.ConfigurationAction - End of configuration.
00:05:28,858 |-INFO in ch.qos.logback.classic.joran.JoranConfigurator@2077d4de - Registering current configuration as safe fallback point
00:05:29,413 |-INFO in ch.qos.logback.classic.jmx.JMXConfigurator(onlineES) - onReset() method called JMXActivator [ch.qos.logback.classic:Name=onlineES,Type=ch.qos.logback.classic.jmx.JMXConfigurator]
00:05:29,415 |-INFO in ch.qos.logback.classic.jmx.JMXConfigurator(onlineES) - onReset() method called JMXActivator [ch.qos.logback.classic:Name=onlineES,Type=ch.qos.logback.classic.jmx.JMXConfigurator]
00:05:29,415 |-INFO in ch.qos.logback.classic.jmx.JMXConfigurator(onlineES) - Unregistering mbean [ch.qos.logback.classic:Name=onlineES,Type=ch.qos.logback.classic.jmx.JMXConfigurator]
00:05:29,417 |-INFO in ch.qos.logback.core.joran.spi.ConfigurationWatchList@21588809 - URL [jar:file:/Users/zs/Documents/projects/TeamWork/OnlineES/OnlineESProject/teacher-client/teacher-client-0.0.1-SNAPSHOT.war!/WEB-INF/classes!/logback.xml] is not of type file
00:05:29,421 |-INFO in ch.qos.logback.classic.joran.action.ConfigurationAction - Will scan for changes in [jar:file:/Users/zs/Documents/projects/TeamWork/OnlineES/OnlineESProject/teacher-client/teacher-client-0.0.1-SNAPSHOT.war!/WEB-INF/classes!/logback.xml] 
00:05:29,421 |-INFO in ch.qos.logback.classic.joran.action.ConfigurationAction - Setting ReconfigureOnChangeTask scanning period to 1 minutes
00:05:29,422 |-INFO in ch.qos.logback.classic.joran.action.ContextNameAction - Setting logger context name as [onlineES]
00:05:29,422 |-INFO in ch.qos.logback.classic.joran.action.JMXConfiguratorAction - begin
00:05:29,422 |-INFO in ch.qos.logback.core.joran.action.AppenderAction - About to instantiate appender of type [ch.qos.logback.core.ConsoleAppender]
00:05:29,422 |-INFO in ch.qos.logback.core.joran.action.AppenderAction - Naming appender as [console]
00:05:29,422 |-INFO in ch.qos.logback.core.joran.action.NestedComplexPropertyIA - Assuming default type [ch.qos.logback.classic.encoder.PatternLayoutEncoder] for [encoder] property
00:05:29,423 |-INFO in ch.qos.logback.core.joran.action.AppenderAction - About to instantiate appender of type [ch.qos.logback.core.rolling.RollingFileAppender]
00:05:29,423 |-INFO in ch.qos.logback.core.joran.action.AppenderAction - Naming appender as [file]
00:05:29,424 |-INFO in c.q.l.core.rolling.TimeBasedRollingPolicy@791885625 - No compression will be used
00:05:29,424 |-INFO in c.q.l.core.rolling.TimeBasedRollingPolicy@791885625 - Will use the pattern logs/teacher.%d{yyyy-MM-dd}.log for the active file
00:05:29,424 |-INFO in c.q.l.core.rolling.DefaultTimeBasedFileNamingAndTriggeringPolicy - The date pattern is 'yyyy-MM-dd' from file name pattern 'logs/teacher.%d{yyyy-MM-dd}.log'.
00:05:29,424 |-INFO in c.q.l.core.rolling.DefaultTimeBasedFileNamingAndTriggeringPolicy - Roll-over at midnight.
00:05:29,425 |-INFO in c.q.l.core.rolling.DefaultTimeBasedFileNamingAndTriggeringPolicy - Setting initial period to Sat Jan 06 00:05:29 CST 2018
00:05:29,425 |-WARN in ch.qos.logback.core.rolling.RollingFileAppender[file] - This appender no longer admits a layout as a sub-component, set an encoder instead.
00:05:29,425 |-WARN in ch.qos.logback.core.rolling.RollingFileAppender[file] - To ensure compatibility, wrapping your layout in LayoutWrappingEncoder.
00:05:29,425 |-WARN in ch.qos.logback.core.rolling.RollingFileAppender[file] - See also http://logback.qos.ch/codes.html#layoutInsteadOfEncoder for details
00:05:29,428 |-INFO in ch.qos.logback.core.rolling.RollingFileAppender[file] - Active log file name: logs/teacher.2018-01-06.log
00:05:29,428 |-INFO in ch.qos.logback.core.rolling.RollingFileAppender[file] - File property is set to [null]
00:05:29,428 |-INFO in ch.qos.logback.classic.joran.action.LoggerAction - Setting level of logger [cn.edu.nju.software] to DEBUG
00:05:29,428 |-INFO in ch.qos.logback.classic.jul.LevelChangePropagator@77468bd9 - Propagating DEBUG level on Logger[cn.edu.nju.software] onto the JUL framework
00:05:29,429 |-INFO in ch.qos.logback.classic.joran.action.LoggerAction - Setting level of logger [jdbc.sqltiming] to INFO
00:05:29,429 |-INFO in ch.qos.logback.classic.jul.LevelChangePropagator@77468bd9 - Propagating INFO level on Logger[jdbc.sqltiming] onto the JUL framework
00:05:29,429 |-INFO in ch.qos.logback.classic.joran.action.LoggerAction - Setting level of logger [org.springframework] to INFO
00:05:29,430 |-INFO in ch.qos.logback.classic.jul.LevelChangePropagator@77468bd9 - Propagating INFO level on Logger[org.springframework] onto the JUL framework
00:05:29,430 |-INFO in ch.qos.logback.classic.joran.action.RootLoggerAction - Setting level of ROOT logger to INFO
00:05:29,430 |-INFO in ch.qos.logback.classic.jul.LevelChangePropagator@77468bd9 - Propagating INFO level on Logger[ROOT] onto the JUL framework
00:05:29,430 |-INFO in ch.qos.logback.core.joran.action.AppenderRefAction - Attaching appender named [console] to Logger[ROOT]
00:05:29,430 |-INFO in ch.qos.logback.core.joran.action.AppenderRefAction - Attaching appender named [file] to Logger[ROOT]
00:05:29,430 |-INFO in ch.qos.logback.classic.joran.action.ConfigurationAction - End of configuration.
00:05:29,430 |-INFO in org.springframework.boot.logging.logback.SpringBootJoranConfigurator@71bc1ae4 - Registering current configuration as safe fallback point
00:05:29.639 [main] INFO  o.s.c.a.AnnotationConfigApplicationContext - Refreshing org.springframework.context.annotation.AnnotationConfigApplicationContext@6ed3ef1: startup date [Sat Jan 06 00:05:29 CST 2018]; root of context hierarchy
00:05:30.002 [background-preinit] INFO  o.h.validator.internal.util.Version - HV000001: Hibernate Validator 5.3.5.Final
00:05:30.105 [main] INFO  o.s.b.f.a.AutowiredAnnotationBeanPostProcessor - JSR-330 'javax.inject.Inject' annotation found and supported for autowiring
00:05:30.165 [main] INFO  o.s.c.s.PostProcessorRegistrationDelegate$BeanPostProcessorChecker - Bean 'configurationPropertiesRebinderAutoConfiguration' of type [org.springframework.cloud.autoconfigure.ConfigurationPropertiesRebinderAutoConfiguration$$EnhancerBySpringCGLIB$$c54a78bf] is not eligible for getting processed by all BeanPostProcessors (for example: not eligible for auto-proxying)
00:05:30,732 |-INFO in ch.qos.logback.classic.jmx.JMXConfigurator(onlineES) - onReset() method called JMXActivator [ch.qos.logback.classic:Name=onlineES,Type=ch.qos.logback.classic.jmx.JMXConfigurator]
00:05:30,732 |-INFO in ch.qos.logback.classic.jmx.JMXConfigurator(onlineES) - onReset() method called JMXActivator [ch.qos.logback.classic:Name=onlineES,Type=ch.qos.logback.classic.jmx.JMXConfigurator]
00:05:30,732 |-INFO in ch.qos.logback.classic.jmx.JMXConfigurator(onlineES) - Unregistering mbean [ch.qos.logback.classic:Name=onlineES,Type=ch.qos.logback.classic.jmx.JMXConfigurator]
00:05:30,733 |-INFO in ch.qos.logback.core.joran.spi.ConfigurationWatchList@7b49cea0 - URL [jar:file:/Users/zs/Documents/projects/TeamWork/OnlineES/OnlineESProject/teacher-client/teacher-client-0.0.1-SNAPSHOT.war!/WEB-INF/classes!/logback.xml] is not of type file
00:05:30,736 |-INFO in ch.qos.logback.classic.joran.action.ConfigurationAction - Will scan for changes in [jar:file:/Users/zs/Documents/projects/TeamWork/OnlineES/OnlineESProject/teacher-client/teacher-client-0.0.1-SNAPSHOT.war!/WEB-INF/classes!/logback.xml] 
00:05:30,736 |-INFO in ch.qos.logback.classic.joran.action.ConfigurationAction - Setting ReconfigureOnChangeTask scanning period to 1 minutes
00:05:30,737 |-INFO in ch.qos.logback.classic.joran.action.ContextNameAction - Setting logger context name as [onlineES]
00:05:30,737 |-INFO in ch.qos.logback.classic.joran.action.JMXConfiguratorAction - begin
00:05:30,737 |-INFO in ch.qos.logback.core.joran.action.AppenderAction - About to instantiate appender of type [ch.qos.logback.core.ConsoleAppender]
00:05:30,737 |-INFO in ch.qos.logback.core.joran.action.AppenderAction - Naming appender as [console]
00:05:30,738 |-INFO in ch.qos.logback.core.joran.action.NestedComplexPropertyIA - Assuming default type [ch.qos.logback.classic.encoder.PatternLayoutEncoder] for [encoder] property
00:05:30,738 |-INFO in ch.qos.logback.core.joran.action.AppenderAction - About to instantiate appender of type [ch.qos.logback.core.rolling.RollingFileAppender]
00:05:30,739 |-INFO in ch.qos.logback.core.joran.action.AppenderAction - Naming appender as [file]
00:05:30,739 |-INFO in c.q.l.core.rolling.TimeBasedRollingPolicy@2142003995 - No compression will be used
00:05:30,739 |-INFO in c.q.l.core.rolling.TimeBasedRollingPolicy@2142003995 - Will use the pattern logs/teacher.%d{yyyy-MM-dd}.log for the active file
00:05:30,740 |-INFO in c.q.l.core.rolling.DefaultTimeBasedFileNamingAndTriggeringPolicy - The date pattern is 'yyyy-MM-dd' from file name pattern 'logs/teacher.%d{yyyy-MM-dd}.log'.
00:05:30,740 |-INFO in c.q.l.core.rolling.DefaultTimeBasedFileNamingAndTriggeringPolicy - Roll-over at midnight.
00:05:30,740 |-INFO in c.q.l.core.rolling.DefaultTimeBasedFileNamingAndTriggeringPolicy - Setting initial period to Sat Jan 06 00:05:30 CST 2018
00:05:30,740 |-WARN in ch.qos.logback.core.rolling.RollingFileAppender[file] - This appender no longer admits a layout as a sub-component, set an encoder instead.
00:05:30,740 |-WARN in ch.qos.logback.core.rolling.RollingFileAppender[file] - To ensure compatibility, wrapping your layout in LayoutWrappingEncoder.
00:05:30,740 |-WARN in ch.qos.logback.core.rolling.RollingFileAppender[file] - See also http://logback.qos.ch/codes.html#layoutInsteadOfEncoder for details
00:05:30,741 |-INFO in ch.qos.logback.core.rolling.RollingFileAppender[file] - Active log file name: logs/teacher.2018-01-06.log
00:05:30,741 |-INFO in ch.qos.logback.core.rolling.RollingFileAppender[file] - File property is set to [null]
00:05:30,741 |-INFO in ch.qos.logback.classic.joran.action.LoggerAction - Setting level of logger [cn.edu.nju.software] to DEBUG
00:05:30,741 |-INFO in ch.qos.logback.classic.jul.LevelChangePropagator@5b87ed94 - Propagating DEBUG level on Logger[cn.edu.nju.software] onto the JUL framework
00:05:30,741 |-INFO in ch.qos.logback.classic.joran.action.LoggerAction - Setting level of logger [jdbc.sqltiming] to INFO
00:05:30,741 |-INFO in ch.qos.logback.classic.jul.LevelChangePropagator@5b87ed94 - Propagating INFO level on Logger[jdbc.sqltiming] onto the JUL framework
00:05:30,741 |-INFO in ch.qos.logback.classic.joran.action.LoggerAction - Setting level of logger [org.springframework] to INFO
00:05:30,741 |-INFO in ch.qos.logback.classic.jul.LevelChangePropagator@5b87ed94 - Propagating INFO level on Logger[org.springframework] onto the JUL framework
00:05:30,741 |-INFO in ch.qos.logback.classic.joran.action.RootLoggerAction - Setting level of ROOT logger to INFO
00:05:30,742 |-INFO in ch.qos.logback.classic.jul.LevelChangePropagator@5b87ed94 - Propagating INFO level on Logger[ROOT] onto the JUL framework
00:05:30,742 |-INFO in ch.qos.logback.core.joran.action.AppenderRefAction - Attaching appender named [console] to Logger[ROOT]
00:05:30,742 |-INFO in ch.qos.logback.core.joran.action.AppenderRefAction - Attaching appender named [file] to Logger[ROOT]
00:05:30,742 |-INFO in ch.qos.logback.classic.joran.action.ConfigurationAction - End of configuration.
00:05:30,742 |-INFO in org.springframework.boot.logging.logback.SpringBootJoranConfigurator@6e0e048a - Registering current configuration as safe fallback point

  .   ____          _            __ _ _
 /\\ / ___'_ __ _ _(_)_ __  __ _ \ \ \ \
( ( )\___ | '_ | '_| | '_ \/ _` | \ \ \ \
 \\/  ___)| |_)| | | | | || (_| |  ) ) ) )
  '  |____| .__|_| |_|_| |_\__, | / / / /
 =========|_|==============|___/=/_/_/_/
 :: Spring Boot ::        (v1.5.8.RELEASE)

00:05:30.771 [main] INFO  c.e.n.s.TeacherClientApplication - No active profile set, falling back to default profiles: default
00:05:30.808 [main] INFO  o.s.b.c.e.AnnotationConfigEmbeddedWebApplicationContext - Refreshing org.springframework.boot.context.embedded.AnnotationConfigEmbeddedWebApplicationContext@5bc79255: startup date [Sat Jan 06 00:05:30 CST 2018]; parent: org.springframework.context.annotation.AnnotationConfigApplicationContext@6ed3ef1
00:05:32.086 [main] WARN  o.s.c.a.ConfigurationClassPostProcessor - Cannot enhance @Configuration bean definition 'teacherClientApplication' since its singleton instance has been created too early. The typical cause is a non-static @Bean method with a BeanDefinitionRegistryPostProcessor return type: Consider declaring such methods as 'static'.
00:05:32.226 [main] INFO  o.s.cloud.context.scope.GenericScope - BeanFactory id=5562255d-df4e-39eb-8b56-15906a39878e
00:05:32.280 [main] INFO  o.s.b.f.a.AutowiredAnnotationBeanPostProcessor - JSR-330 'javax.inject.Inject' annotation found and supported for autowiring
00:05:32.320 [main] INFO  o.s.c.s.PostProcessorRegistrationDelegate$BeanPostProcessorChecker - Bean 'cn.edu.nju.software.feign.ImportFeign' of type [org.springframework.cloud.netflix.feign.FeignClientFactoryBean] is not eligible for getting processed by all BeanPostProcessors (for example: not eligible for auto-proxying)
00:05:32.322 [main] INFO  o.s.c.s.PostProcessorRegistrationDelegate$BeanPostProcessorChecker - Bean 'cn.edu.nju.software.feign.EmailFeign' of type [org.springframework.cloud.netflix.feign.FeignClientFactoryBean] is not eligible for getting processed by all BeanPostProcessors (for example: not eligible for auto-proxying)
00:05:32.323 [main] INFO  o.s.c.s.PostProcessorRegistrationDelegate$BeanPostProcessorChecker - Bean 'cn.edu.nju.software.feign.ExportFeign' of type [org.springframework.cloud.netflix.feign.FeignClientFactoryBean] is not eligible for getting processed by all BeanPostProcessors (for example: not eligible for auto-proxying)
00:05:32.324 [main] INFO  o.s.c.s.PostProcessorRegistrationDelegate$BeanPostProcessorChecker - Bean 'cn.edu.nju.software.feign.QuestionFeign' of type [org.springframework.cloud.netflix.feign.FeignClientFactoryBean] is not eligible for getting processed by all BeanPostProcessors (for example: not eligible for auto-proxying)
00:05:32.325 [main] INFO  o.s.c.s.PostProcessorRegistrationDelegate$BeanPostProcessorChecker - Bean 'cn.edu.nju.software.feign.ExamFeign' of type [org.springframework.cloud.netflix.feign.FeignClientFactoryBean] is not eligible for getting processed by all BeanPostProcessors (for example: not eligible for auto-proxying)
00:05:32.468 [main] INFO  o.s.c.s.PostProcessorRegistrationDelegate$BeanPostProcessorChecker - Bean 'org.springframework.transaction.annotation.ProxyTransactionManagementConfiguration' of type [org.springframework.transaction.annotation.ProxyTransactionManagementConfiguration$$EnhancerBySpringCGLIB$$a93075c2] is not eligible for getting processed by all BeanPostProcessors (for example: not eligible for auto-proxying)
00:05:32.517 [main] INFO  o.s.c.s.PostProcessorRegistrationDelegate$BeanPostProcessorChecker - Bean 'org.springframework.cloud.autoconfigure.ConfigurationPropertiesRebinderAutoConfiguration' of type [org.springframework.cloud.autoconfigure.ConfigurationPropertiesRebinderAutoConfiguration$$EnhancerBySpringCGLIB$$c54a78bf] is not eligible for getting processed by all BeanPostProcessors (for example: not eligible for auto-proxying)
00:05:33.035 [main] INFO  o.s.b.c.e.t.TomcatEmbeddedServletContainer - Tomcat initialized with port(s): 9002 (http)
00:05:33.053 [main] INFO  o.a.catalina.core.StandardService - Starting service [Tomcat]
00:05:33.055 [main] INFO  o.a.catalina.core.StandardEngine - Starting Servlet Engine: Apache Tomcat/8.5.23
00:05:36.571 [localhost-startStop-1] INFO  org.apache.jasper.servlet.TldScanner - At least one JAR was scanned for TLDs yet contained no TLDs. Enable debug logging for this logger for a complete list of JARs that were scanned but no TLDs were found in them. Skipping unneeded JARs during scanning can improve startup time and JSP compilation time.
00:05:36.992 [localhost-startStop-1] INFO  o.a.c.c.C.[.[localhost].[/OnlineES] - Initializing Spring embedded WebApplicationContext
00:05:36.993 [localhost-startStop-1] INFO  o.s.web.context.ContextLoader - Root WebApplicationContext: initialization completed in 6184 ms
00:05:37.211 [localhost-startStop-1] INFO  o.s.b.w.s.ServletRegistrationBean - Mapping servlet: 'dispatcherServlet' to [/]
00:05:37.219 [localhost-startStop-1] INFO  o.s.b.w.s.FilterRegistrationBean - Mapping filter: 'characterEncodingFilter' to: [/*]
00:05:37.219 [localhost-startStop-1] INFO  o.s.b.w.s.FilterRegistrationBean - Mapping filter: 'hiddenHttpMethodFilter' to: [/*]
00:05:37.219 [localhost-startStop-1] INFO  o.s.b.w.s.FilterRegistrationBean - Mapping filter: 'httpPutFormContentFilter' to: [/*]
00:05:37.220 [localhost-startStop-1] INFO  o.s.b.w.s.FilterRegistrationBean - Mapping filter: 'requestContextFilter' to: [/*]
00:05:37.220 [localhost-startStop-1] INFO  o.s.b.w.s.FilterRegistrationBean - Mapping filter: 'loginfilter' to urls: [/*]
00:05:37.317 [main] INFO  o.s.c.a.AnnotationConfigApplicationContext - Refreshing org.springframework.context.annotation.AnnotationConfigApplicationContext@2beee7ff: startup date [Sat Jan 06 00:05:37 CST 2018]; parent: org.springframework.boot.context.embedded.AnnotationConfigEmbeddedWebApplicationContext@5bc79255
00:05:37.343 [main] INFO  o.s.b.f.a.AutowiredAnnotationBeanPostProcessor - JSR-330 'javax.inject.Inject' annotation found and supported for autowiring
-------------------- primaryDataSource init ---------------------
00:05:38.100 [main] INFO  o.s.c.a.AnnotationConfigApplicationContext - Refreshing org.springframework.context.annotation.AnnotationConfigApplicationContext@2f6e28bc: startup date [Sat Jan 06 00:05:38 CST 2018]; parent: org.springframework.boot.context.embedded.AnnotationConfigEmbeddedWebApplicationContext@5bc79255
00:05:38.130 [main] INFO  o.s.b.f.a.AutowiredAnnotationBeanPostProcessor - JSR-330 'javax.inject.Inject' annotation found and supported for autowiring
00:05:38.243 [main] INFO  o.s.c.a.AnnotationConfigApplicationContext - Refreshing org.springframework.context.annotation.AnnotationConfigApplicationContext@5d2a4eed: startup date [Sat Jan 06 00:05:38 CST 2018]; parent: org.springframework.boot.context.embedded.AnnotationConfigEmbeddedWebApplicationContext@5bc79255
00:05:38.267 [main] INFO  o.s.b.f.a.AutowiredAnnotationBeanPostProcessor - JSR-330 'javax.inject.Inject' annotation found and supported for autowiring
00:05:38.569 [main] INFO  c.alibaba.druid.pool.DruidDataSource - {dataSource-1} inited
00:05:41.841 [Druid-ConnectionPool-Create-1376017854] ERROR c.alibaba.druid.pool.DruidDataSource - create connection holder error
java.sql.SQLException: Could not retrieve transation read-only status server
	at com.mysql.jdbc.SQLError.createSQLException(SQLError.java:1086)
	at com.mysql.jdbc.SQLError.createSQLException(SQLError.java:989)
	at com.mysql.jdbc.SQLError.createSQLException(SQLError.java:975)
	at com.mysql.jdbc.SQLError.createSQLException(SQLError.java:920)
	at com.mysql.jdbc.SQLError.createSQLException(SQLError.java:951)
	at com.mysql.jdbc.SQLError.createSQLException(SQLError.java:941)
	at com.mysql.jdbc.ConnectionImpl.isReadOnly(ConnectionImpl.java:3972)
	at com.mysql.jdbc.ConnectionImpl.isReadOnly(ConnectionImpl.java:3943)
	at com.alibaba.druid.pool.DruidConnectionHolder.<init>(DruidConnectionHolder.java:133)
	at com.alibaba.druid.pool.DruidConnectionHolder.<init>(DruidConnectionHolder.java:74)
	at com.alibaba.druid.pool.DruidDataSource.put(DruidDataSource.java:2078)
	at com.alibaba.druid.pool.DruidDataSource$CreateConnectionThread.run(DruidDataSource.java:2376)
Caused by: java.sql.SQLException: ResultSet is from UPDATE. No Data.
	at com.mysql.jdbc.SQLError.createSQLException(SQLError.java:1086)
	at com.mysql.jdbc.SQLError.createSQLException(SQLError.java:989)
	at com.mysql.jdbc.SQLError.createSQLException(SQLError.java:975)
	at com.mysql.jdbc.SQLError.createSQLException(SQLError.java:920)
	at com.mysql.jdbc.ResultSetImpl.next(ResultSetImpl.java:6996)
	at com.mysql.jdbc.ConnectionImpl.isReadOnly(ConnectionImpl.java:3967)
	... 5 common frames omitted
00:05:41.844 [Druid-ConnectionPool-Create-1376017854] INFO  c.alibaba.druid.pool.DruidDataSource - put physical connection to pool failed.
00:05:45.146 [main] INFO  o.s.c.a.AnnotationConfigApplicationContext - Refreshing org.springframework.context.annotation.AnnotationConfigApplicationContext@34997338: startup date [Sat Jan 06 00:05:45 CST 2018]; parent: org.springframework.boot.context.embedded.AnnotationConfigEmbeddedWebApplicationContext@5bc79255
00:05:45.168 [main] INFO  o.s.b.f.a.AutowiredAnnotationBeanPostProcessor - JSR-330 'javax.inject.Inject' annotation found and supported for autowiring
00:05:45.273 [main] INFO  o.s.c.a.AnnotationConfigApplicationContext - Refreshing org.springframework.context.annotation.AnnotationConfigApplicationContext@3fffff43: startup date [Sat Jan 06 00:05:45 CST 2018]; parent: org.springframework.boot.context.embedded.AnnotationConfigEmbeddedWebApplicationContext@5bc79255
00:05:45.295 [main] INFO  o.s.b.f.a.AutowiredAnnotationBeanPostProcessor - JSR-330 'javax.inject.Inject' annotation found and supported for autowiring
00:05:45.790 [main] WARN  c.n.c.sources.URLConfigurationSource - No URLs will be polled as dynamic configuration sources.
00:05:45.790 [main] INFO  c.n.c.sources.URLConfigurationSource - To enable URLs as dynamic configuration sources, define System property archaius.configurationSource.additionalUrls or make config.properties available on classpath.
00:05:45.805 [main] WARN  c.n.c.sources.URLConfigurationSource - No URLs will be polled as dynamic configuration sources.
00:05:45.806 [main] INFO  c.n.c.sources.URLConfigurationSource - To enable URLs as dynamic configuration sources, define System property archaius.configurationSource.additionalUrls or make config.properties available on classpath.
00:05:46.140 [main] INFO  o.s.w.s.m.m.a.RequestMappingHandlerAdapter - Looking for @ControllerAdvice: org.springframework.boot.context.embedded.AnnotationConfigEmbeddedWebApplicationContext@5bc79255: startup date [Sat Jan 06 00:05:30 CST 2018]; parent: org.springframework.context.annotation.AnnotationConfigApplicationContext@6ed3ef1
00:05:46.225 [main] INFO  o.s.w.s.m.m.a.RequestMappingHandlerMapping - Mapped "{[/paperDetail],methods=[GET]}" onto public org.springframework.web.servlet.ModelAndView cn.edu.nju.software.controller.ExamController.examDetail(java.lang.Integer)
00:05:46.226 [main] INFO  o.s.w.s.m.m.a.RequestMappingHandlerMapping - Mapped "{[/studentList]}" onto public common.Result cn.edu.nju.software.controller.ExamController.studentList(java.lang.Integer,java.lang.Integer,java.lang.Integer)
00:05:46.226 [main] INFO  o.s.w.s.m.m.a.RequestMappingHandlerMapping - Mapped "{[/generateReport]}" onto public void cn.edu.nju.software.controller.ExamController.generateReport(java.lang.Integer,java.lang.Integer,java.lang.String,javax.servlet.http.HttpServletResponse)
00:05:46.227 [main] INFO  o.s.w.s.m.m.a.RequestMappingHandlerMapping - Mapped "{[/questionTemplate]}" onto public void cn.edu.nju.software.controller.LibQAddController.questionTemplate(javax.servlet.http.HttpServletResponse)
00:05:46.227 [main] INFO  o.s.w.s.m.m.a.RequestMappingHandlerMapping - Mapped "{[/questionUpload],methods=[POST]}" onto public java.lang.String cn.edu.nju.software.controller.LibQAddController.questionUpload(org.springframework.web.multipart.MultipartFile,java.lang.Integer)
00:05:46.228 [main] INFO  o.s.w.s.m.m.a.RequestMappingHandlerMapping - Mapped "{[/register],methods=[GET]}" onto public java.lang.String cn.edu.nju.software.controller.LoginController.register()
00:05:46.228 [main] INFO  o.s.w.s.m.m.a.RequestMappingHandlerMapping - Mapped "{[/login],methods=[GET]}" onto public org.springframework.web.servlet.ModelAndView cn.edu.nju.software.controller.LoginController.login(javax.servlet.http.HttpServletRequest)
00:05:46.229 [main] INFO  o.s.w.s.m.m.a.RequestMappingHandlerMapping - Mapped "{[/action],methods=[POST]}" onto public java.lang.String cn.edu.nju.software.controller.LoginController.action(javax.servlet.http.HttpServletRequest,javax.servlet.http.HttpServletResponse)
00:05:46.230 [main] INFO  o.s.w.s.m.m.a.RequestMappingHandlerMapping - Mapped "{[/createExam],methods=[GET]}" onto public org.springframework.web.servlet.ModelAndView cn.edu.nju.software.controller.CoursesController.createExamPage(javax.servlet.http.HttpServletRequest)
00:05:46.230 [main] INFO  o.s.w.s.m.m.a.RequestMappingHandlerMapping - Mapped "{[/libs]}" onto public org.springframework.web.servlet.ModelAndView cn.edu.nju.software.controller.CoursesController.toCourseLib(javax.servlet.http.HttpServletRequest,java.lang.Integer)
00:05:46.230 [main] INFO  o.s.w.s.m.m.a.RequestMappingHandlerMapping - Mapped "{[/courseList]}" onto public void cn.edu.nju.software.controller.CoursesController.examList(javax.servlet.http.HttpServletRequest,javax.servlet.http.HttpServletResponse)
00:05:46.231 [main] INFO  o.s.w.s.m.m.a.RequestMappingHandlerMapping - Mapped "{[/questionList]}" onto public common.Result cn.edu.nju.software.controller.ExamPaperController.examList(java.lang.Integer,int)
00:05:46.231 [main] INFO  o.s.w.s.m.m.a.RequestMappingHandlerMapping - Mapped "{[/generateExam]}" onto public void cn.edu.nju.software.controller.ExamPaperController.generateExam(java.lang.Integer,java.lang.Integer,javax.servlet.http.HttpServletResponse)
00:05:46.232 [main] INFO  o.s.w.s.m.m.a.RequestMappingHandlerMapping - Mapped "{[/createAction],methods=[POST]}" onto public java.lang.String cn.edu.nju.software.controller.CreateController.createExam(javax.servlet.http.HttpServletRequest,javax.servlet.http.HttpServletResponse)
00:05:46.233 [main] INFO  o.s.w.s.m.m.a.RequestMappingHandlerMapping - Mapped "{[/createTemplate],methods=[GET]}" onto public void cn.edu.nju.software.controller.CreateController.downloadStudentTemplate(javax.servlet.http.HttpServletResponse)
00:05:46.233 [main] INFO  o.s.w.s.m.m.a.RequestMappingHandlerMapping - Mapped "{[/createUpload],methods=[POST]}" onto public void cn.edu.nju.software.controller.CreateController.uploadStudents(org.springframework.web.multipart.MultipartFile,javax.servlet.http.HttpServletRequest,javax.servlet.http.HttpServletResponse)
00:05:46.234 [main] INFO  o.s.w.s.m.m.a.RequestMappingHandlerMapping - Mapped "{[/questions]}" onto public org.springframework.web.servlet.ModelAndView cn.edu.nju.software.controller.LibsController.questionList(javax.servlet.http.HttpServletRequest,java.lang.Integer)
00:05:46.234 [main] INFO  o.s.w.s.m.m.a.RequestMappingHandlerMapping - Mapped "{[/libAdd],methods=[GET]}" onto public org.springframework.web.servlet.ModelAndView cn.edu.nju.software.controller.LibsController.addView(javax.servlet.http.HttpServletRequest,java.lang.Integer)
00:05:46.234 [main] INFO  o.s.w.s.m.m.a.RequestMappingHandlerMapping - Mapped "{[/libList],methods=[GET]}" onto public java.lang.String cn.edu.nju.software.controller.LibsController.courseListPage(javax.servlet.http.HttpServletRequest,java.lang.Integer,java.lang.Integer)
00:05:46.235 [main] INFO  o.s.w.s.m.m.a.RequestMappingHandlerMapping - Mapped "{[/libDelete]}" onto public java.lang.String cn.edu.nju.software.controller.LibsController.libDelete(java.lang.String,java.lang.Integer,javax.servlet.http.HttpServletRequest)
00:05:46.235 [main] INFO  o.s.w.s.m.m.a.RequestMappingHandlerMapping - Mapped "{[/examList],methods=[GET]}" onto public java.lang.String cn.edu.nju.software.controller.ExamsController.examList(javax.servlet.http.HttpServletRequest,java.lang.Integer)
00:05:46.235 [main] INFO  o.s.w.s.m.m.a.RequestMappingHandlerMapping - Mapped "{[/exam]}" onto public org.springframework.web.servlet.ModelAndView cn.edu.nju.software.controller.ExamsController.examStudent(java.lang.Integer)
00:05:46.236 [main] INFO  o.s.w.s.m.m.a.RequestMappingHandlerMapping - Mapped "{[/welcome]}" onto public java.lang.String cn.edu.nju.software.controller.WelcomeController.welcome()
00:05:46.236 [main] INFO  o.s.w.s.m.m.a.RequestMappingHandlerMapping - Mapped "{[/questionAdd],methods=[GET]}" onto public org.springframework.web.servlet.ModelAndView cn.edu.nju.software.controller.LibController.questionAdd(javax.servlet.http.HttpServletRequest)
00:05:46.237 [main] INFO  o.s.w.s.m.m.a.RequestMappingHandlerMapping - Mapped "{[/questionList1]}" onto public java.lang.String cn.edu.nju.software.controller.LibController.questionPage(java.lang.Integer,java.lang.Integer)
00:05:46.237 [main] INFO  o.s.w.s.m.m.a.RequestMappingHandlerMapping - Mapped "{[/questionDelete]}" onto public java.lang.String cn.edu.nju.software.controller.LibController.questionDelete(java.lang.Integer,java.lang.Integer,java.lang.String,javax.servlet.http.HttpServletRequest)
00:05:46.237 [main] INFO  o.s.w.s.m.m.a.RequestMappingHandlerMapping - Mapped "{[/questionDetail]}" onto public org.springframework.web.servlet.ModelAndView cn.edu.nju.software.controller.LibController.questionDetail(javax.servlet.http.HttpServletRequest,java.lang.Integer)
00:05:46.238 [main] INFO  o.s.w.s.m.m.a.RequestMappingHandlerMapping - Mapped "{[/libAdd],methods=[POST]}" onto public java.lang.String cn.edu.nju.software.controller.LibAddController.addLib(java.lang.Integer,java.lang.String)
00:05:46.238 [main] INFO  o.s.w.s.m.m.a.RequestMappingHandlerMapping - Mapped "{[/courses],methods=[GET]}" onto public org.springframework.web.servlet.ModelAndView cn.edu.nju.software.controller.TNavController.courseList(javax.servlet.http.HttpServletRequest)
00:05:46.238 [main] INFO  o.s.w.s.m.m.a.RequestMappingHandlerMapping - Mapped "{[/home]}" onto public java.lang.String cn.edu.nju.software.controller.TNavController.toHome()
00:05:46.239 [main] INFO  o.s.w.s.m.m.a.RequestMappingHandlerMapping - Mapped "{[/exams]}" onto public org.springframework.web.servlet.ModelAndView cn.edu.nju.software.controller.TNavController.toExams(javax.servlet.http.HttpServletRequest)
00:05:46.239 [main] INFO  o.s.w.s.m.m.a.RequestMappingHandlerMapping - Mapped "{[/quit]}" onto public java.lang.String cn.edu.nju.software.controller.TNavController.quit(javax.servlet.http.HttpServletRequest)
00:05:46.241 [main] INFO  o.s.w.s.m.m.a.RequestMappingHandlerMapping - Mapped "{[/error]}" onto public org.springframework.http.ResponseEntity<java.util.Map<java.lang.String, java.lang.Object>> org.springframework.boot.autoconfigure.web.BasicErrorController.error(javax.servlet.http.HttpServletRequest)
00:05:46.242 [main] INFO  o.s.w.s.m.m.a.RequestMappingHandlerMapping - Mapped "{[/error],produces=[text/html]}" onto public org.springframework.web.servlet.ModelAndView org.springframework.boot.autoconfigure.web.BasicErrorController.errorHtml(javax.servlet.http.HttpServletRequest,javax.servlet.http.HttpServletResponse)
00:05:46.295 [main] INFO  o.s.w.s.h.SimpleUrlHandlerMapping - Mapped URL path [/webjars/**] onto handler of type [class org.springframework.web.servlet.resource.ResourceHttpRequestHandler]
00:05:46.295 [main] INFO  o.s.w.s.h.SimpleUrlHandlerMapping - Mapped URL path [/**] onto handler of type [class org.springframework.web.servlet.resource.ResourceHttpRequestHandler]
00:05:46.375 [main] INFO  o.s.w.s.h.SimpleUrlHandlerMapping - Mapped URL path [/**/favicon.ico] onto handler of type [class org.springframework.web.servlet.resource.ResourceHttpRequestHandler]
00:05:46.934 [main] INFO  o.s.j.e.a.AnnotationMBeanExporter - Registering beans for JMX exposure on startup
00:05:46.935 [main] INFO  o.s.j.e.a.AnnotationMBeanExporter - Bean with name 'datasource' has been autodetected for JMX exposure
00:05:46.946 [main] INFO  o.s.j.e.a.AnnotationMBeanExporter - Bean with name 'environmentManager' has been autodetected for JMX exposure
00:05:46.947 [main] INFO  o.s.j.e.a.AnnotationMBeanExporter - Bean with name 'configurationPropertiesRebinder' has been autodetected for JMX exposure
00:05:46.948 [main] INFO  o.s.j.e.a.AnnotationMBeanExporter - Bean with name 'refreshScope' has been autodetected for JMX exposure
00:05:46.951 [main] INFO  o.s.j.e.a.AnnotationMBeanExporter - Located managed bean 'environmentManager': registering with JMX server as MBean [org.springframework.cloud.context.environment:name=environmentManager,type=EnvironmentManager]
00:05:46.976 [main] INFO  o.s.j.e.a.AnnotationMBeanExporter - Located MBean 'datasource': registering with JMX server as MBean [com.alibaba.druid.pool:name=datasource,type=DruidDataSource]
00:05:46.978 [main] INFO  o.s.j.e.a.AnnotationMBeanExporter - Located managed bean 'refreshScope': registering with JMX server as MBean [org.springframework.cloud.context.scope.refresh:name=refreshScope,type=RefreshScope]
00:05:46.993 [main] INFO  o.s.j.e.a.AnnotationMBeanExporter - Located managed bean 'configurationPropertiesRebinder': registering with JMX server as MBean [org.springframework.cloud.context.properties:name=configurationPropertiesRebinder,context=5bc79255,type=ConfigurationPropertiesRebinder]
00:05:47.251 [main] INFO  o.s.c.s.DefaultLifecycleProcessor - Starting beans in phase 0
00:05:47.263 [main] INFO  o.s.c.n.eureka.InstanceInfoFactory - Setting initial instance status as: STARTING
00:05:47.333 [main] INFO  c.netflix.discovery.DiscoveryClient - Initializing Eureka in region us-east-1
00:05:47.582 [main] INFO  c.n.d.p.DiscoveryJerseyProvider - Using JSON encoding codec LegacyJacksonJson
00:05:47.583 [main] INFO  c.n.d.p.DiscoveryJerseyProvider - Using JSON decoding codec LegacyJacksonJson
00:05:47.748 [main] INFO  c.n.d.p.DiscoveryJerseyProvider - Using XML encoding codec XStreamXml
00:05:47.748 [main] INFO  c.n.d.p.DiscoveryJerseyProvider - Using XML decoding codec XStreamXml
00:05:48.130 [main] INFO  c.n.d.s.r.aws.ConfigClusterResolver - Resolving eureka endpoints via configuration
00:05:48.165 [main] INFO  c.netflix.discovery.DiscoveryClient - Disable delta property : false
00:05:48.166 [main] INFO  c.netflix.discovery.DiscoveryClient - Single vip registry refresh property : null
00:05:48.166 [main] INFO  c.netflix.discovery.DiscoveryClient - Force full registry fetch : false
00:05:48.166 [main] INFO  c.netflix.discovery.DiscoveryClient - Application is null : false
00:05:48.166 [main] INFO  c.netflix.discovery.DiscoveryClient - Registered Applications size is zero : true
00:05:48.167 [main] INFO  c.netflix.discovery.DiscoveryClient - Application version is -1: true
00:05:48.167 [main] INFO  c.netflix.discovery.DiscoveryClient - Getting all instance registry info from the eureka server
00:05:48.594 [main] INFO  c.netflix.discovery.DiscoveryClient - The response status is 200
00:05:48.596 [main] INFO  c.netflix.discovery.DiscoveryClient - Starting heartbeat executor: renew interval is: 30
00:05:48.599 [main] INFO  c.n.discovery.InstanceInfoReplicator - InstanceInfoReplicator onDemand update allowed rate per min is 4
00:05:48.603 [main] INFO  c.netflix.discovery.DiscoveryClient - Discovery Client initialized at timestamp 1515168348603 with initial instances count: 7
00:05:48.637 [main] INFO  o.s.c.n.e.s.EurekaServiceRegistry - Registering application teacher-client with eureka with status UP
00:05:48.639 [main] INFO  c.netflix.discovery.DiscoveryClient - Saw local status change event StatusChangeEvent [timestamp=1515168348639, current=UP, previous=STARTING]
00:05:48.642 [DiscoveryClient-InstanceInfoReplicator-0] INFO  c.netflix.discovery.DiscoveryClient - DiscoveryClient_TEACHER-CLIENT/bogon:teacher-client:9002: registering service...
00:05:48.666 [main] INFO  o.a.coyote.http11.Http11NioProtocol - Initializing ProtocolHandler ["http-nio-9002"]
00:05:48.689 [main] INFO  o.a.coyote.http11.Http11NioProtocol - Starting ProtocolHandler ["http-nio-9002"]
00:05:48.715 [main] INFO  o.a.tomcat.util.net.NioSelectorPool - Using a shared selector for servlet write/read
00:05:48.755 [main] INFO  o.s.b.c.e.t.TomcatEmbeddedServletContainer - Tomcat started on port(s): 9002 (http)
00:05:48.756 [main] INFO  o.s.c.n.e.s.EurekaAutoServiceRegistration - Updating port to 9002
00:05:48.761 [main] INFO  c.e.n.s.TeacherClientApplication - Started TeacherClientApplication in 19.713 seconds (JVM running for 20.787)
00:05:48.869 [DiscoveryClient-InstanceInfoReplicator-0] INFO  c.netflix.discovery.DiscoveryClient - DiscoveryClient_TEACHER-CLIENT/bogon:teacher-client:9002 - registration status: 204
00:05:49.123 [http-nio-9002-exec-1] INFO  o.a.c.c.C.[.[localhost].[/OnlineES] - Initializing Spring FrameworkServlet 'dispatcherServlet'
00:05:49.124 [http-nio-9002-exec-1] INFO  o.s.web.servlet.DispatcherServlet - FrameworkServlet 'dispatcherServlet': initialization started
00:05:50.673 [http-nio-9002-exec-1] INFO  o.s.web.servlet.DispatcherServlet - FrameworkServlet 'dispatcherServlet': initialization completed in 1549 ms
┏━━━━━ Debug [teacher.loginForTeacher] ━━━
┣ SQL：	 select temp.id,temp.name,temp.number,school.name as school_name,institution.name as institution_name from( select * from es_teacher where 1 = 1 and number = ? and password = ? ) temp left join es_school school on school.id = temp.school_id left join es_institution institution on institution.id = temp.institution_id 
┣ 参数：	 [250001, 8d969eef6ecad3c29a3a629280e686cf0c3f5d5a86aff3ca12020c923adc...(64)]
┣ 位置：	 cn.edu.nju.software.service.LoginService.loginForTeacher(LoginService.java:34)
┣ 时间：	 232ms
┣ 结果：	 [1]
┗━━━━━ Debug [teacher.loginForTeacher] ━━━

00:06:14.506 [http-nio-9002-exec-10] INFO  o.s.c.a.AnnotationConfigApplicationContext - Refreshing org.springframework.context.annotation.AnnotationConfigApplicationContext@5bd99005: startup date [Sat Jan 06 00:06:14 CST 2018]; parent: org.springframework.boot.context.embedded.AnnotationConfigEmbeddedWebApplicationContext@5bc79255
00:06:14.559 [http-nio-9002-exec-10] INFO  o.s.b.f.a.AutowiredAnnotationBeanPostProcessor - JSR-330 'javax.inject.Inject' annotation found and supported for autowiring
00:06:14.841 [http-nio-9002-exec-10] INFO  c.n.config.ChainedDynamicProperty - Flipping property: exam-client.ribbon.ActiveConnectionsLimit to use NEXT property: niws.loadbalancer.availabilityFilteringRule.activeConnectionsLimit = 2147483647
00:06:14.868 [http-nio-9002-exec-10] INFO  c.n.u.c.ShutdownEnabledTimer - Shutdown hook installed for: NFLoadBalancer-PingTimer-exam-client
00:06:14.903 [http-nio-9002-exec-10] INFO  c.n.loadbalancer.BaseLoadBalancer - Client: exam-client instantiated a LoadBalancer: DynamicServerListLoadBalancer:{NFLoadBalancer:name=exam-client,current list of Servers=[],Load balancer stats=Zone stats: {},Server stats: []}ServerList:null
00:06:14.914 [http-nio-9002-exec-10] INFO  c.n.l.DynamicServerListLoadBalancer - Using serverListUpdater PollingServerListUpdater
00:06:14.949 [http-nio-9002-exec-10] INFO  c.n.config.ChainedDynamicProperty - Flipping property: exam-client.ribbon.ActiveConnectionsLimit to use NEXT property: niws.loadbalancer.availabilityFilteringRule.activeConnectionsLimit = 2147483647
00:06:14.952 [http-nio-9002-exec-10] INFO  c.n.l.DynamicServerListLoadBalancer - DynamicServerListLoadBalancer for client exam-client initialized: DynamicServerListLoadBalancer:{NFLoadBalancer:name=exam-client,current list of Servers=[izwz9d258zwrsb3okoauuez:9003],Load balancer stats=Zone stats: {defaultzone=[Zone:defaultzone;	Instance count:1;	Active connections count: 0;	Circuit breaker tripped count: 0;	Active connections per server: 0.0;]
},Server stats: [[Server:izwz9d258zwrsb3okoauuez:9003;	Zone:defaultZone;	Total Requests:0;	Successive connection failure:0;	Total blackout seconds:0;	Last connection made:Thu Jan 01 08:00:00 CST 1970;	First connection made: Thu Jan 01 08:00:00 CST 1970;	Active Connections:0;	total failure count in last (1000) msecs:0;	average resp time:0.0;	90 percentile resp time:0.0;	95 percentile resp time:0.0;	min resp time:0.0;	max resp time:0.0;	stddev resp time:0.0]
]}ServerList:org.springframework.cloud.netflix.ribbon.eureka.DomainExtractingServerList@43a69f5b
00:06:15.223 [http-nio-9002-exec-10] ERROR o.a.c.c.C.[.[.[.[dispatcherServlet] - Servlet.service() for servlet [dispatcherServlet] in context with path [/OnlineES] threw exception [Request processing failed; nested exception is feign.RetryableException: izwz9d258zwrsb3okoauuez executing GET http://exam-client/exam/count?tid=1] with root cause
java.net.UnknownHostException: izwz9d258zwrsb3okoauuez
	at java.net.AbstractPlainSocketImpl.connect(AbstractPlainSocketImpl.java:184)
	at java.net.SocksSocketImpl.connect(SocksSocketImpl.java:392)
	at java.net.Socket.connect(Socket.java:589)
	at sun.net.NetworkClient.doConnect(NetworkClient.java:175)
	at sun.net.www.http.HttpClient.openServer(HttpClient.java:463)
	at sun.net.www.http.HttpClient.openServer(HttpClient.java:558)
	at sun.net.www.http.HttpClient.<init>(HttpClient.java:242)
	at sun.net.www.http.HttpClient.New(HttpClient.java:339)
	at sun.net.www.http.HttpClient.New(HttpClient.java:357)
	at sun.net.www.protocol.http.HttpURLConnection.getNewHttpClient(HttpURLConnection.java:1202)
	at sun.net.www.protocol.http.HttpURLConnection.plainConnect0(HttpURLConnection.java:1138)
	at sun.net.www.protocol.http.HttpURLConnection.plainConnect(HttpURLConnection.java:1032)
	at sun.net.www.protocol.http.HttpURLConnection.connect(HttpURLConnection.java:966)
	at sun.net.www.protocol.http.HttpURLConnection.getInputStream0(HttpURLConnection.java:1546)
	at sun.net.www.protocol.http.HttpURLConnection.getInputStream(HttpURLConnection.java:1474)
	at java.net.HttpURLConnection.getResponseCode(HttpURLConnection.java:480)
	at feign.Client$Default.convertResponse(Client.java:152)
	at feign.Client$Default.execute(Client.java:74)
	at org.springframework.cloud.netflix.feign.ribbon.FeignLoadBalancer.execute(FeignLoadBalancer.java:80)
	at org.springframework.cloud.netflix.feign.ribbon.FeignLoadBalancer.execute(FeignLoadBalancer.java:48)
	at com.netflix.client.AbstractLoadBalancerAwareClient$1.call(AbstractLoadBalancerAwareClient.java:109)
	at com.netflix.loadbalancer.reactive.LoadBalancerCommand$3$1.call(LoadBalancerCommand.java:303)
	at com.netflix.loadbalancer.reactive.LoadBalancerCommand$3$1.call(LoadBalancerCommand.java:287)
	at rx.internal.util.ScalarSynchronousObservable$3.call(ScalarSynchronousObservable.java:231)
	at rx.internal.util.ScalarSynchronousObservable$3.call(ScalarSynchronousObservable.java:228)
	at rx.Observable.unsafeSubscribe(Observable.java:10211)
	at rx.internal.operators.OnSubscribeConcatMap$ConcatMapSubscriber.drain(OnSubscribeConcatMap.java:286)
	at rx.internal.operators.OnSubscribeConcatMap$ConcatMapSubscriber.onNext(OnSubscribeConcatMap.java:144)
	at com.netflix.loadbalancer.reactive.LoadBalancerCommand$1.call(LoadBalancerCommand.java:185)
	at com.netflix.loadbalancer.reactive.LoadBalancerCommand$1.call(LoadBalancerCommand.java:180)
	at rx.Observable.unsafeSubscribe(Observable.java:10211)
	at rx.internal.operators.OnSubscribeConcatMap.call(OnSubscribeConcatMap.java:94)
	at rx.internal.operators.OnSubscribeConcatMap.call(OnSubscribeConcatMap.java:42)
	at rx.Observable.unsafeSubscribe(Observable.java:10211)
	at rx.internal.operators.OperatorRetryWithPredicate$SourceSubscriber$1.call(OperatorRetryWithPredicate.java:127)
	at rx.internal.schedulers.TrampolineScheduler$InnerCurrentThreadScheduler.enqueue(TrampolineScheduler.java:73)
	at rx.internal.schedulers.TrampolineScheduler$InnerCurrentThreadScheduler.schedule(TrampolineScheduler.java:52)
	at rx.internal.operators.OperatorRetryWithPredicate$SourceSubscriber.onNext(OperatorRetryWithPredicate.java:79)
	at rx.internal.operators.OperatorRetryWithPredicate$SourceSubscriber.onNext(OperatorRetryWithPredicate.java:45)
	at rx.internal.util.ScalarSynchronousObservable$WeakSingleProducer.request(ScalarSynchronousObservable.java:276)
	at rx.Subscriber.setProducer(Subscriber.java:209)
	at rx.internal.util.ScalarSynchronousObservable$JustOnSubscribe.call(ScalarSynchronousObservable.java:138)
	at rx.internal.util.ScalarSynchronousObservable$JustOnSubscribe.call(ScalarSynchronousObservable.java:129)
	at rx.internal.operators.OnSubscribeLift.call(OnSubscribeLift.java:48)
	at rx.internal.operators.OnSubscribeLift.call(OnSubscribeLift.java:30)
	at rx.internal.operators.OnSubscribeLift.call(OnSubscribeLift.java:48)
	at rx.internal.operators.OnSubscribeLift.call(OnSubscribeLift.java:30)
	at rx.internal.operators.OnSubscribeLift.call(OnSubscribeLift.java:48)
	at rx.internal.operators.OnSubscribeLift.call(OnSubscribeLift.java:30)
	at rx.Observable.subscribe(Observable.java:10307)
	at rx.Observable.subscribe(Observable.java:10274)
	at rx.observables.BlockingObservable.blockForSingle(BlockingObservable.java:445)
	at rx.observables.BlockingObservable.single(BlockingObservable.java:342)
	at com.netflix.client.AbstractLoadBalancerAwareClient.executeWithLoadBalancer(AbstractLoadBalancerAwareClient.java:117)
	at org.springframework.cloud.netflix.feign.ribbon.LoadBalancerFeignClient.execute(LoadBalancerFeignClient.java:63)
	at feign.SynchronousMethodHandler.executeAndDecode(SynchronousMethodHandler.java:97)
	at feign.SynchronousMethodHandler.invoke(SynchronousMethodHandler.java:76)
	at feign.ReflectiveFeign$FeignInvocationHandler.invoke(ReflectiveFeign.java:103)
	at com.sun.proxy.$Proxy87.queryExamCount(Unknown Source)
	at cn.edu.nju.software.controller.TNavController.toExams(TNavController.java:101)
	at sun.reflect.NativeMethodAccessorImpl.invoke0(Native Method)
	at sun.reflect.NativeMethodAccessorImpl.invoke(NativeMethodAccessorImpl.java:62)
	at sun.reflect.DelegatingMethodAccessorImpl.invoke(DelegatingMethodAccessorImpl.java:43)
	at java.lang.reflect.Method.invoke(Method.java:498)
	at org.springframework.web.method.support.InvocableHandlerMethod.doInvoke(InvocableHandlerMethod.java:205)
	at org.springframework.web.method.support.InvocableHandlerMethod.invokeForRequest(InvocableHandlerMethod.java:133)
	at org.springframework.web.servlet.mvc.method.annotation.ServletInvocableHandlerMethod.invokeAndHandle(ServletInvocableHandlerMethod.java:97)
	at org.springframework.web.servlet.mvc.method.annotation.RequestMappingHandlerAdapter.invokeHandlerMethod(RequestMappingHandlerAdapter.java:827)
	at org.springframework.web.servlet.mvc.method.annotation.RequestMappingHandlerAdapter.handleInternal(RequestMappingHandlerAdapter.java:738)
	at org.springframework.web.servlet.mvc.method.AbstractHandlerMethodAdapter.handle(AbstractHandlerMethodAdapter.java:85)
	at org.springframework.web.servlet.DispatcherServlet.doDispatch(DispatcherServlet.java:967)
	at org.springframework.web.servlet.DispatcherServlet.doService(DispatcherServlet.java:901)
	at org.springframework.web.servlet.FrameworkServlet.processRequest(FrameworkServlet.java:970)
	at org.springframework.web.servlet.FrameworkServlet.doGet(FrameworkServlet.java:861)
	at javax.servlet.http.HttpServlet.service(HttpServlet.java:687)
	at org.springframework.web.servlet.FrameworkServlet.service(FrameworkServlet.java:846)
	at javax.servlet.http.HttpServlet.service(HttpServlet.java:790)
	at org.apache.catalina.core.ApplicationFilterChain.internalDoFilter(ApplicationFilterChain.java:231)
	at org.apache.catalina.core.ApplicationFilterChain.doFilter(ApplicationFilterChain.java:166)
	at org.apache.tomcat.websocket.server.WsFilter.doFilter(WsFilter.java:52)
	at org.apache.catalina.core.ApplicationFilterChain.internalDoFilter(ApplicationFilterChain.java:193)
	at org.apache.catalina.core.ApplicationFilterChain.doFilter(ApplicationFilterChain.java:166)
	at cn.edu.nju.software.filter.LoginFilter.doFilter(LoginFilter.java:40)
	at org.apache.catalina.core.ApplicationFilterChain.internalDoFilter(ApplicationFilterChain.java:193)
	at org.apache.catalina.core.ApplicationFilterChain.doFilter(ApplicationFilterChain.java:166)
	at org.springframework.web.filter.RequestContextFilter.doFilterInternal(RequestContextFilter.java:99)
	at org.springframework.web.filter.OncePerRequestFilter.doFilter(OncePerRequestFilter.java:107)
	at org.apache.catalina.core.ApplicationFilterChain.internalDoFilter(ApplicationFilterChain.java:193)
	at org.apache.catalina.core.ApplicationFilterChain.doFilter(ApplicationFilterChain.java:166)
	at org.springframework.web.filter.HttpPutFormContentFilter.doFilterInternal(HttpPutFormContentFilter.java:108)
	at org.springframework.web.filter.OncePerRequestFilter.doFilter(OncePerRequestFilter.java:107)
	at org.apache.catalina.core.ApplicationFilterChain.internalDoFilter(ApplicationFilterChain.java:193)
	at org.apache.catalina.core.ApplicationFilterChain.doFilter(ApplicationFilterChain.java:166)
	at org.springframework.web.filter.HiddenHttpMethodFilter.doFilterInternal(HiddenHttpMethodFilter.java:81)
	at org.springframework.web.filter.OncePerRequestFilter.doFilter(OncePerRequestFilter.java:107)
	at org.apache.catalina.core.ApplicationFilterChain.internalDoFilter(ApplicationFilterChain.java:193)
	at org.apache.catalina.core.ApplicationFilterChain.doFilter(ApplicationFilterChain.java:166)
	at org.springframework.web.filter.CharacterEncodingFilter.doFilterInternal(CharacterEncodingFilter.java:197)
	at org.springframework.web.filter.OncePerRequestFilter.doFilter(OncePerRequestFilter.java:107)
	at org.apache.catalina.core.ApplicationFilterChain.internalDoFilter(ApplicationFilterChain.java:193)
	at org.apache.catalina.core.ApplicationFilterChain.doFilter(ApplicationFilterChain.java:166)
	at org.apache.catalina.core.StandardWrapperValve.invoke(StandardWrapperValve.java:199)
	at org.apache.catalina.core.StandardContextValve.invoke(StandardContextValve.java:96)
	at org.apache.catalina.authenticator.AuthenticatorBase.invoke(AuthenticatorBase.java:478)
	at org.apache.catalina.core.StandardHostValve.invoke(StandardHostValve.java:140)
	at org.apache.catalina.valves.ErrorReportValve.invoke(ErrorReportValve.java:81)
	at org.apache.catalina.core.StandardEngineValve.invoke(StandardEngineValve.java:87)
	at org.apache.catalina.connector.CoyoteAdapter.service(CoyoteAdapter.java:342)
	at org.apache.coyote.http11.Http11Processor.service(Http11Processor.java:803)
	at org.apache.coyote.AbstractProcessorLight.process(AbstractProcessorLight.java:66)
	at org.apache.coyote.AbstractProtocol$ConnectionHandler.process(AbstractProtocol.java:868)
	at org.apache.tomcat.util.net.NioEndpoint$SocketProcessor.doRun(NioEndpoint.java:1459)
	at org.apache.tomcat.util.net.SocketProcessorBase.run(SocketProcessorBase.java:49)
	at java.util.concurrent.ThreadPoolExecutor.runWorker(ThreadPoolExecutor.java:1142)
	at java.util.concurrent.ThreadPoolExecutor$Worker.run(ThreadPoolExecutor.java:617)
	at org.apache.tomcat.util.threads.TaskThread$WrappingRunnable.run(TaskThread.java:61)
	at java.lang.Thread.run(Thread.java:748)
00:06:15.921 [PollingServerListUpdater-0] INFO  c.n.config.ChainedDynamicProperty - Flipping property: exam-client.ribbon.ActiveConnectionsLimit to use NEXT property: niws.loadbalancer.availabilityFilteringRule.activeConnectionsLimit = 2147483647
00:06:30,736 |-INFO in ReconfigureOnChangeTask(born:1515168330736) - Empty watch file list. Disabling 
00:07:30,729 |-INFO in ReconfigureOnChangeTask(born:1515168330736) - Empty watch file list. Disabling 
00:08:30,723 |-INFO in ReconfigureOnChangeTask(born:1515168330736) - Empty watch file list. Disabling 
00:09:30,723 |-INFO in ReconfigureOnChangeTask(born:1515168330736) - Empty watch file list. Disabling 
00:10:30,723 |-INFO in ReconfigureOnChangeTask(born:1515168330736) - Empty watch file list. Disabling 
00:10:48.159 [AsyncResolver-bootstrap-executor-0] INFO  c.n.d.s.r.aws.ConfigClusterResolver - Resolving eureka endpoints via configuration
00:11:30,724 |-INFO in ReconfigureOnChangeTask(born:1515168330736) - Empty watch file list. Disabling 
00:12:30,727 |-INFO in ReconfigureOnChangeTask(born:1515168330736) - Empty watch file list. Disabling 
00:13:30,722 |-INFO in ReconfigureOnChangeTask(born:1515168330736) - Empty watch file list. Disabling 
00:14:30,723 |-INFO in ReconfigureOnChangeTask(born:1515168330736) - Empty watch file list. Disabling 
00:15:30,721 |-INFO in ReconfigureOnChangeTask(born:1515168330736) - Empty watch file list. Disabling 
00:15:48.162 [AsyncResolver-bootstrap-executor-0] INFO  c.n.d.s.r.aws.ConfigClusterResolver - Resolving eureka endpoints via configuration
00:16:30,721 |-INFO in ReconfigureOnChangeTask(born:1515168330736) - Empty watch file list. Disabling 
00:17:30,723 |-INFO in ReconfigureOnChangeTask(born:1515168330736) - Empty watch file list. Disabling 
00:18:30,722 |-INFO in ReconfigureOnChangeTask(born:1515168330736) - Empty watch file list. Disabling 
00:19:30,722 |-INFO in ReconfigureOnChangeTask(born:1515168330736) - Empty watch file list. Disabling 
00:19:41.878 [Thread-9] INFO  c.n.l.PollingServerListUpdater - Shutting down the Executor Pool for PollingServerListUpdater
00:19:41.879 [Thread-6] INFO  o.s.b.c.e.AnnotationConfigEmbeddedWebApplicationContext - Closing org.springframework.boot.context.embedded.AnnotationConfigEmbeddedWebApplicationContext@5bc79255: startup date [Sat Jan 06 00:05:30 CST 2018]; parent: org.springframework.context.annotation.AnnotationConfigApplicationContext@6ed3ef1
00:19:41.880 [Thread-6] INFO  o.s.c.n.e.s.EurekaServiceRegistry - Unregistering application teacher-client with eureka with status DOWN
00:19:41.880 [Thread-6] WARN  c.netflix.discovery.DiscoveryClient - Saw local status change event StatusChangeEvent [timestamp=1515169181880, current=DOWN, previous=UP]
00:19:41.880 [DiscoveryClient-InstanceInfoReplicator-0] INFO  c.netflix.discovery.DiscoveryClient - DiscoveryClient_TEACHER-CLIENT/bogon:teacher-client:9002: registering service...
00:19:41.880 [Thread-6] INFO  c.netflix.discovery.DiscoveryClient - Shutting down DiscoveryClient ...
00:19:41.881 [Thread-6] INFO  c.netflix.discovery.DiscoveryClient - Unregistering ...
00:19:41.926 [Thread-6] INFO  c.netflix.discovery.DiscoveryClient - DiscoveryClient_TEACHER-CLIENT/bogon:teacher-client:9002 - deregister  status: 200
00:19:41.926 [DiscoveryClient-InstanceInfoReplicator-0] INFO  c.netflix.discovery.DiscoveryClient - DiscoveryClient_TEACHER-CLIENT/bogon:teacher-client:9002 - registration status: 204
00:19:41.935 [Thread-6] INFO  c.netflix.discovery.DiscoveryClient - Completed shut down of DiscoveryClient
00:19:41.937 [Thread-6] INFO  o.s.c.s.DefaultLifecycleProcessor - Stopping beans in phase 0
00:19:41.937 [Thread-6] INFO  o.s.j.e.a.AnnotationMBeanExporter - Unregistering JMX-exposed beans on shutdown
00:19:41.937 [Thread-6] INFO  o.s.j.e.a.AnnotationMBeanExporter - Unregistering JMX-exposed beans
00:19:41.940 [Thread-6] INFO  o.s.c.a.AnnotationConfigApplicationContext - Closing org.springframework.context.annotation.AnnotationConfigApplicationContext@5bd99005: startup date [Sat Jan 06 00:06:14 CST 2018]; parent: org.springframework.boot.context.embedded.AnnotationConfigEmbeddedWebApplicationContext@5bc79255
00:19:41.942 [Thread-6] WARN  o.s.c.a.AnnotationConfigApplicationContext - Exception thrown from ApplicationListener handling ContextClosedEvent
org.springframework.beans.factory.BeanCreationNotAllowedException: Error creating bean with name 'eurekaAutoServiceRegistration': Singleton bean creation not allowed while singletons of this factory are in destruction (Do not request a bean from a BeanFactory in a destroy method implementation!)
	at org.springframework.beans.factory.support.DefaultSingletonBeanRegistry.getSingleton(DefaultSingletonBeanRegistry.java:216)
	at org.springframework.beans.factory.support.AbstractBeanFactory.doGetBean(AbstractBeanFactory.java:302)
	at org.springframework.beans.factory.support.AbstractBeanFactory.getBean(AbstractBeanFactory.java:197)
	at org.springframework.context.support.AbstractApplicationContext.getBean(AbstractApplicationContext.java:1078)
	at org.springframework.context.event.ApplicationListenerMethodAdapter.getTargetBean(ApplicationListenerMethodAdapter.java:283)
	at org.springframework.context.event.ApplicationListenerMethodAdapter.doInvoke(ApplicationListenerMethodAdapter.java:253)
	at org.springframework.context.event.ApplicationListenerMethodAdapter.processEvent(ApplicationListenerMethodAdapter.java:177)
	at org.springframework.context.event.ApplicationListenerMethodAdapter.onApplicationEvent(ApplicationListenerMethodAdapter.java:140)
	at org.springframework.context.event.SimpleApplicationEventMulticaster.doInvokeListener(SimpleApplicationEventMulticaster.java:172)
	at org.springframework.context.event.SimpleApplicationEventMulticaster.invokeListener(SimpleApplicationEventMulticaster.java:165)
	at org.springframework.context.event.SimpleApplicationEventMulticaster.multicastEvent(SimpleApplicationEventMulticaster.java:139)
	at org.springframework.context.support.AbstractApplicationContext.publishEvent(AbstractApplicationContext.java:393)
	at org.springframework.context.support.AbstractApplicationContext.publishEvent(AbstractApplicationContext.java:399)
	at org.springframework.context.support.AbstractApplicationContext.publishEvent(AbstractApplicationContext.java:347)
	at org.springframework.context.support.AbstractApplicationContext.doClose(AbstractApplicationContext.java:991)
	at org.springframework.context.support.AbstractApplicationContext.close(AbstractApplicationContext.java:958)
	at org.springframework.cloud.context.named.NamedContextFactory.destroy(NamedContextFactory.java:76)
	at org.springframework.beans.factory.support.DisposableBeanAdapter.destroy(DisposableBeanAdapter.java:272)
	at org.springframework.beans.factory.support.DefaultSingletonBeanRegistry.destroyBean(DefaultSingletonBeanRegistry.java:578)
	at org.springframework.beans.factory.support.DefaultSingletonBeanRegistry.destroySingleton(DefaultSingletonBeanRegistry.java:554)
	at org.springframework.beans.factory.support.DefaultListableBeanFactory.destroySingleton(DefaultListableBeanFactory.java:961)
	at org.springframework.beans.factory.support.DefaultSingletonBeanRegistry.destroySingletons(DefaultSingletonBeanRegistry.java:523)
	at org.springframework.beans.factory.support.FactoryBeanRegistrySupport.destroySingletons(FactoryBeanRegistrySupport.java:230)
	at org.springframework.beans.factory.support.DefaultListableBeanFactory.destroySingletons(DefaultListableBeanFactory.java:968)
	at org.springframework.context.support.AbstractApplicationContext.destroyBeans(AbstractApplicationContext.java:1030)
	at org.springframework.context.support.AbstractApplicationContext.doClose(AbstractApplicationContext.java:1006)
	at org.springframework.context.support.AbstractApplicationContext$2.run(AbstractApplicationContext.java:929)
00:19:41.942 [Thread-6] INFO  c.n.u.c.ShutdownEnabledTimer - Shutdown hook removed for: NFLoadBalancer-PingTimer-exam-client
00:19:41.943 [Thread-6] INFO  c.n.u.c.ShutdownEnabledTimer - Exception caught (might be ok if at shutdown)
java.lang.IllegalStateException: Shutdown in progress
	at java.lang.ApplicationShutdownHooks.remove(ApplicationShutdownHooks.java:82)
	at java.lang.Runtime.removeShutdownHook(Runtime.java:239)
	at com.netflix.util.concurrent.ShutdownEnabledTimer.cancel(ShutdownEnabledTimer.java:70)
	at com.netflix.loadbalancer.BaseLoadBalancer.cancelPingTask(BaseLoadBalancer.java:613)
	at com.netflix.loadbalancer.BaseLoadBalancer.shutdown(BaseLoadBalancer.java:864)
	at com.netflix.loadbalancer.DynamicServerListLoadBalancer.shutdown(DynamicServerListLoadBalancer.java:277)
	at sun.reflect.NativeMethodAccessorImpl.invoke0(Native Method)
	at sun.reflect.NativeMethodAccessorImpl.invoke(NativeMethodAccessorImpl.java:62)
	at sun.reflect.DelegatingMethodAccessorImpl.invoke(DelegatingMethodAccessorImpl.java:43)
	at java.lang.reflect.Method.invoke(Method.java:498)
	at org.springframework.beans.factory.support.DisposableBeanAdapter.invokeCustomDestroyMethod(DisposableBeanAdapter.java:364)
	at org.springframework.beans.factory.support.DisposableBeanAdapter.destroy(DisposableBeanAdapter.java:287)
	at org.springframework.beans.factory.support.DefaultSingletonBeanRegistry.destroyBean(DefaultSingletonBeanRegistry.java:578)
	at org.springframework.beans.factory.support.DefaultSingletonBeanRegistry.destroySingleton(DefaultSingletonBeanRegistry.java:554)
	at org.springframework.beans.factory.support.DefaultListableBeanFactory.destroySingleton(DefaultListableBeanFactory.java:961)
	at org.springframework.beans.factory.support.DefaultSingletonBeanRegistry.destroySingletons(DefaultSingletonBeanRegistry.java:523)
	at org.springframework.beans.factory.support.FactoryBeanRegistrySupport.destroySingletons(FactoryBeanRegistrySupport.java:230)
	at org.springframework.beans.factory.support.DefaultListableBeanFactory.destroySingletons(DefaultListableBeanFactory.java:968)
	at org.springframework.context.support.AbstractApplicationContext.destroyBeans(AbstractApplicationContext.java:1030)
	at org.springframework.context.support.AbstractApplicationContext.doClose(AbstractApplicationContext.java:1006)
	at org.springframework.context.support.AbstractApplicationContext.close(AbstractApplicationContext.java:958)
	at org.springframework.cloud.context.named.NamedContextFactory.destroy(NamedContextFactory.java:76)
	at org.springframework.beans.factory.support.DisposableBeanAdapter.destroy(DisposableBeanAdapter.java:272)
	at org.springframework.beans.factory.support.DefaultSingletonBeanRegistry.destroyBean(DefaultSingletonBeanRegistry.java:578)
	at org.springframework.beans.factory.support.DefaultSingletonBeanRegistry.destroySingleton(DefaultSingletonBeanRegistry.java:554)
	at org.springframework.beans.factory.support.DefaultListableBeanFactory.destroySingleton(DefaultListableBeanFactory.java:961)
	at org.springframework.beans.factory.support.DefaultSingletonBeanRegistry.destroySingletons(DefaultSingletonBeanRegistry.java:523)
	at org.springframework.beans.factory.support.FactoryBeanRegistrySupport.destroySingletons(FactoryBeanRegistrySupport.java:230)
	at org.springframework.beans.factory.support.DefaultListableBeanFactory.destroySingletons(DefaultListableBeanFactory.java:968)
	at org.springframework.context.support.AbstractApplicationContext.destroyBeans(AbstractApplicationContext.java:1030)
	at org.springframework.context.support.AbstractApplicationContext.doClose(AbstractApplicationContext.java:1006)
	at org.springframework.context.support.AbstractApplicationContext$2.run(AbstractApplicationContext.java:929)
00:19:41.949 [Thread-6] INFO  c.alibaba.druid.pool.DruidDataSource - {dataSource-1} closed
00:19:41.950 [Thread-6] INFO  o.s.c.a.AnnotationConfigApplicationContext - Closing org.springframework.context.annotation.AnnotationConfigApplicationContext@5d2a4eed: startup date [Sat Jan 06 00:05:38 CST 2018]; parent: org.springframework.boot.context.embedded.AnnotationConfigEmbeddedWebApplicationContext@5bc79255
00:19:41.950 [Thread-6] WARN  o.s.c.a.AnnotationConfigApplicationContext - Exception thrown from ApplicationListener handling ContextClosedEvent
org.springframework.beans.factory.BeanCreationNotAllowedException: Error creating bean with name 'sqlManagerFactoryBean': Singleton bean creation not allowed while singletons of this factory are in destruction (Do not request a bean from a BeanFactory in a destroy method implementation!)
	at org.springframework.beans.factory.support.DefaultSingletonBeanRegistry.getSingleton(DefaultSingletonBeanRegistry.java:216)
	at org.springframework.beans.factory.support.AbstractBeanFactory.doGetBean(AbstractBeanFactory.java:302)
	at org.springframework.beans.factory.support.AbstractBeanFactory.getBean(AbstractBeanFactory.java:202)
	at org.springframework.context.event.AbstractApplicationEventMulticaster.retrieveApplicationListeners(AbstractApplicationEventMulticaster.java:235)
	at org.springframework.context.event.AbstractApplicationEventMulticaster.getApplicationListeners(AbstractApplicationEventMulticaster.java:192)
	at org.springframework.context.event.SimpleApplicationEventMulticaster.multicastEvent(SimpleApplicationEventMulticaster.java:128)
	at org.springframework.context.support.AbstractApplicationContext.publishEvent(AbstractApplicationContext.java:393)
	at org.springframework.context.support.AbstractApplicationContext.publishEvent(AbstractApplicationContext.java:399)
	at org.springframework.context.support.AbstractApplicationContext.publishEvent(AbstractApplicationContext.java:347)
	at org.springframework.context.support.AbstractApplicationContext.doClose(AbstractApplicationContext.java:991)
	at org.springframework.context.support.AbstractApplicationContext.close(AbstractApplicationContext.java:958)
	at org.springframework.cloud.context.named.NamedContextFactory.destroy(NamedContextFactory.java:76)
	at org.springframework.beans.factory.support.DisposableBeanAdapter.destroy(DisposableBeanAdapter.java:272)
	at org.springframework.beans.factory.support.DefaultSingletonBeanRegistry.destroyBean(DefaultSingletonBeanRegistry.java:578)
	at org.springframework.beans.factory.support.DefaultSingletonBeanRegistry.destroySingleton(DefaultSingletonBeanRegistry.java:554)
	at org.springframework.beans.factory.support.DefaultListableBeanFactory.destroySingleton(DefaultListableBeanFactory.java:961)
	at org.springframework.beans.factory.support.DefaultSingletonBeanRegistry.destroySingletons(DefaultSingletonBeanRegistry.java:523)
	at org.springframework.beans.factory.support.FactoryBeanRegistrySupport.destroySingletons(FactoryBeanRegistrySupport.java:230)
	at org.springframework.beans.factory.support.DefaultListableBeanFactory.destroySingletons(DefaultListableBeanFactory.java:968)
	at org.springframework.context.support.AbstractApplicationContext.destroyBeans(AbstractApplicationContext.java:1030)
	at org.springframework.context.support.AbstractApplicationContext.doClose(AbstractApplicationContext.java:1006)
	at org.springframework.context.support.AbstractApplicationContext$2.run(AbstractApplicationContext.java:929)
00:19:41.951 [Thread-6] INFO  o.s.c.a.AnnotationConfigApplicationContext - Closing org.springframework.context.annotation.AnnotationConfigApplicationContext@2beee7ff: startup date [Sat Jan 06 00:05:37 CST 2018]; parent: org.springframework.boot.context.embedded.AnnotationConfigEmbeddedWebApplicationContext@5bc79255
00:19:41.951 [Thread-6] WARN  o.s.c.a.AnnotationConfigApplicationContext - Exception thrown from ApplicationListener handling ContextClosedEvent
org.springframework.beans.factory.BeanCreationNotAllowedException: Error creating bean with name 'sqlManagerFactoryBean': Singleton bean creation not allowed while singletons of this factory are in destruction (Do not request a bean from a BeanFactory in a destroy method implementation!)
	at org.springframework.beans.factory.support.DefaultSingletonBeanRegistry.getSingleton(DefaultSingletonBeanRegistry.java:216)
	at org.springframework.beans.factory.support.AbstractBeanFactory.doGetBean(AbstractBeanFactory.java:302)
	at org.springframework.beans.factory.support.AbstractBeanFactory.getBean(AbstractBeanFactory.java:202)
	at org.springframework.context.event.AbstractApplicationEventMulticaster.retrieveApplicationListeners(AbstractApplicationEventMulticaster.java:235)
	at org.springframework.context.event.AbstractApplicationEventMulticaster.getApplicationListeners(AbstractApplicationEventMulticaster.java:192)
	at org.springframework.context.event.SimpleApplicationEventMulticaster.multicastEvent(SimpleApplicationEventMulticaster.java:128)
	at org.springframework.context.support.AbstractApplicationContext.publishEvent(AbstractApplicationContext.java:393)
	at org.springframework.context.support.AbstractApplicationContext.publishEvent(AbstractApplicationContext.java:399)
	at org.springframework.context.support.AbstractApplicationContext.publishEvent(AbstractApplicationContext.java:347)
	at org.springframework.context.support.AbstractApplicationContext.doClose(AbstractApplicationContext.java:991)
	at org.springframework.context.support.AbstractApplicationContext.close(AbstractApplicationContext.java:958)
	at org.springframework.cloud.context.named.NamedContextFactory.destroy(NamedContextFactory.java:76)
	at org.springframework.beans.factory.support.DisposableBeanAdapter.destroy(DisposableBeanAdapter.java:272)
	at org.springframework.beans.factory.support.DefaultSingletonBeanRegistry.destroyBean(DefaultSingletonBeanRegistry.java:578)
	at org.springframework.beans.factory.support.DefaultSingletonBeanRegistry.destroySingleton(DefaultSingletonBeanRegistry.java:554)
	at org.springframework.beans.factory.support.DefaultListableBeanFactory.destroySingleton(DefaultListableBeanFactory.java:961)
	at org.springframework.beans.factory.support.DefaultSingletonBeanRegistry.destroySingletons(DefaultSingletonBeanRegistry.java:523)
	at org.springframework.beans.factory.support.FactoryBeanRegistrySupport.destroySingletons(FactoryBeanRegistrySupport.java:230)
	at org.springframework.beans.factory.support.DefaultListableBeanFactory.destroySingletons(DefaultListableBeanFactory.java:968)
	at org.springframework.context.support.AbstractApplicationContext.destroyBeans(AbstractApplicationContext.java:1030)
	at org.springframework.context.support.AbstractApplicationContext.doClose(AbstractApplicationContext.java:1006)
	at org.springframework.context.support.AbstractApplicationContext$2.run(AbstractApplicationContext.java:929)
00:19:41.951 [Thread-6] INFO  o.s.c.a.AnnotationConfigApplicationContext - Closing org.springframework.context.annotation.AnnotationConfigApplicationContext@34997338: startup date [Sat Jan 06 00:05:45 CST 2018]; parent: org.springframework.boot.context.embedded.AnnotationConfigEmbeddedWebApplicationContext@5bc79255
00:19:41.952 [Thread-6] WARN  o.s.c.a.AnnotationConfigApplicationContext - Exception thrown from ApplicationListener handling ContextClosedEvent
org.springframework.beans.factory.BeanCreationNotAllowedException: Error creating bean with name 'sqlManagerFactoryBean': Singleton bean creation not allowed while singletons of this factory are in destruction (Do not request a bean from a BeanFactory in a destroy method implementation!)
	at org.springframework.beans.factory.support.DefaultSingletonBeanRegistry.getSingleton(DefaultSingletonBeanRegistry.java:216)
	at org.springframework.beans.factory.support.AbstractBeanFactory.doGetBean(AbstractBeanFactory.java:302)
	at org.springframework.beans.factory.support.AbstractBeanFactory.getBean(AbstractBeanFactory.java:202)
	at org.springframework.context.event.AbstractApplicationEventMulticaster.retrieveApplicationListeners(AbstractApplicationEventMulticaster.java:235)
	at org.springframework.context.event.AbstractApplicationEventMulticaster.getApplicationListeners(AbstractApplicationEventMulticaster.java:192)
	at org.springframework.context.event.SimpleApplicationEventMulticaster.multicastEvent(SimpleApplicationEventMulticaster.java:128)
	at org.springframework.context.support.AbstractApplicationContext.publishEvent(AbstractApplicationContext.java:393)
	at org.springframework.context.support.AbstractApplicationContext.publishEvent(AbstractApplicationContext.java:399)
	at org.springframework.context.support.AbstractApplicationContext.publishEvent(AbstractApplicationContext.java:347)
	at org.springframework.context.support.AbstractApplicationContext.doClose(AbstractApplicationContext.java:991)
	at org.springframework.context.support.AbstractApplicationContext.close(AbstractApplicationContext.java:958)
	at org.springframework.cloud.context.named.NamedContextFactory.destroy(NamedContextFactory.java:76)
	at org.springframework.beans.factory.support.DisposableBeanAdapter.destroy(DisposableBeanAdapter.java:272)
	at org.springframework.beans.factory.support.DefaultSingletonBeanRegistry.destroyBean(DefaultSingletonBeanRegistry.java:578)
	at org.springframework.beans.factory.support.DefaultSingletonBeanRegistry.destroySingleton(DefaultSingletonBeanRegistry.java:554)
	at org.springframework.beans.factory.support.DefaultListableBeanFactory.destroySingleton(DefaultListableBeanFactory.java:961)
	at org.springframework.beans.factory.support.DefaultSingletonBeanRegistry.destroySingletons(DefaultSingletonBeanRegistry.java:523)
	at org.springframework.beans.factory.support.FactoryBeanRegistrySupport.destroySingletons(FactoryBeanRegistrySupport.java:230)
	at org.springframework.beans.factory.support.DefaultListableBeanFactory.destroySingletons(DefaultListableBeanFactory.java:968)
	at org.springframework.context.support.AbstractApplicationContext.destroyBeans(AbstractApplicationContext.java:1030)
	at org.springframework.context.support.AbstractApplicationContext.doClose(AbstractApplicationContext.java:1006)
	at org.springframework.context.support.AbstractApplicationContext$2.run(AbstractApplicationContext.java:929)
00:19:41.952 [Thread-6] INFO  o.s.c.a.AnnotationConfigApplicationContext - Closing org.springframework.context.annotation.AnnotationConfigApplicationContext@2f6e28bc: startup date [Sat Jan 06 00:05:38 CST 2018]; parent: org.springframework.boot.context.embedded.AnnotationConfigEmbeddedWebApplicationContext@5bc79255
00:19:41.953 [Thread-6] WARN  o.s.c.a.AnnotationConfigApplicationContext - Exception thrown from ApplicationListener handling ContextClosedEvent
org.springframework.beans.factory.BeanCreationNotAllowedException: Error creating bean with name 'sqlManagerFactoryBean': Singleton bean creation not allowed while singletons of this factory are in destruction (Do not request a bean from a BeanFactory in a destroy method implementation!)
	at org.springframework.beans.factory.support.DefaultSingletonBeanRegistry.getSingleton(DefaultSingletonBeanRegistry.java:216)
	at org.springframework.beans.factory.support.AbstractBeanFactory.doGetBean(AbstractBeanFactory.java:302)
	at org.springframework.beans.factory.support.AbstractBeanFactory.getBean(AbstractBeanFactory.java:202)
	at org.springframework.context.event.AbstractApplicationEventMulticaster.retrieveApplicationListeners(AbstractApplicationEventMulticaster.java:235)
	at org.springframework.context.event.AbstractApplicationEventMulticaster.getApplicationListeners(AbstractApplicationEventMulticaster.java:192)
	at org.springframework.context.event.SimpleApplicationEventMulticaster.multicastEvent(SimpleApplicationEventMulticaster.java:128)
	at org.springframework.context.support.AbstractApplicationContext.publishEvent(AbstractApplicationContext.java:393)
	at org.springframework.context.support.AbstractApplicationContext.publishEvent(AbstractApplicationContext.java:399)
	at org.springframework.context.support.AbstractApplicationContext.publishEvent(AbstractApplicationContext.java:347)
	at org.springframework.context.support.AbstractApplicationContext.doClose(AbstractApplicationContext.java:991)
	at org.springframework.context.support.AbstractApplicationContext.close(AbstractApplicationContext.java:958)
	at org.springframework.cloud.context.named.NamedContextFactory.destroy(NamedContextFactory.java:76)
	at org.springframework.beans.factory.support.DisposableBeanAdapter.destroy(DisposableBeanAdapter.java:272)
	at org.springframework.beans.factory.support.DefaultSingletonBeanRegistry.destroyBean(DefaultSingletonBeanRegistry.java:578)
	at org.springframework.beans.factory.support.DefaultSingletonBeanRegistry.destroySingleton(DefaultSingletonBeanRegistry.java:554)
	at org.springframework.beans.factory.support.DefaultListableBeanFactory.destroySingleton(DefaultListableBeanFactory.java:961)
	at org.springframework.beans.factory.support.DefaultSingletonBeanRegistry.destroySingletons(DefaultSingletonBeanRegistry.java:523)
	at org.springframework.beans.factory.support.FactoryBeanRegistrySupport.destroySingletons(FactoryBeanRegistrySupport.java:230)
	at org.springframework.beans.factory.support.DefaultListableBeanFactory.destroySingletons(DefaultListableBeanFactory.java:968)
	at org.springframework.context.support.AbstractApplicationContext.destroyBeans(AbstractApplicationContext.java:1030)
	at org.springframework.context.support.AbstractApplicationContext.doClose(AbstractApplicationContext.java:1006)
	at org.springframework.context.support.AbstractApplicationContext$2.run(AbstractApplicationContext.java:929)
00:19:41.953 [Thread-6] INFO  o.s.c.a.AnnotationConfigApplicationContext - Closing org.springframework.context.annotation.AnnotationConfigApplicationContext@3fffff43: startup date [Sat Jan 06 00:05:45 CST 2018]; parent: org.springframework.boot.context.embedded.AnnotationConfigEmbeddedWebApplicationContext@5bc79255
00:19:41.954 [Thread-6] WARN  o.s.c.a.AnnotationConfigApplicationContext - Exception thrown from ApplicationListener handling ContextClosedEvent
org.springframework.beans.factory.BeanCreationNotAllowedException: Error creating bean with name 'sqlManagerFactoryBean': Singleton bean creation not allowed while singletons of this factory are in destruction (Do not request a bean from a BeanFactory in a destroy method implementation!)
	at org.springframework.beans.factory.support.DefaultSingletonBeanRegistry.getSingleton(DefaultSingletonBeanRegistry.java:216)
	at org.springframework.beans.factory.support.AbstractBeanFactory.doGetBean(AbstractBeanFactory.java:302)
	at org.springframework.beans.factory.support.AbstractBeanFactory.getBean(AbstractBeanFactory.java:202)
	at org.springframework.context.event.AbstractApplicationEventMulticaster.retrieveApplicationListeners(AbstractApplicationEventMulticaster.java:235)
	at org.springframework.context.event.AbstractApplicationEventMulticaster.getApplicationListeners(AbstractApplicationEventMulticaster.java:192)
	at org.springframework.context.event.SimpleApplicationEventMulticaster.multicastEvent(SimpleApplicationEventMulticaster.java:128)
	at org.springframework.context.support.AbstractApplicationContext.publishEvent(AbstractApplicationContext.java:393)
	at org.springframework.context.support.AbstractApplicationContext.publishEvent(AbstractApplicationContext.java:399)
	at org.springframework.context.support.AbstractApplicationContext.publishEvent(AbstractApplicationContext.java:347)
	at org.springframework.context.support.AbstractApplicationContext.doClose(AbstractApplicationContext.java:991)
	at org.springframework.context.support.AbstractApplicationContext.close(AbstractApplicationContext.java:958)
	at org.springframework.cloud.context.named.NamedContextFactory.destroy(NamedContextFactory.java:76)
	at org.springframework.beans.factory.support.DisposableBeanAdapter.destroy(DisposableBeanAdapter.java:272)
	at org.springframework.beans.factory.support.DefaultSingletonBeanRegistry.destroyBean(DefaultSingletonBeanRegistry.java:578)
	at org.springframework.beans.factory.support.DefaultSingletonBeanRegistry.destroySingleton(DefaultSingletonBeanRegistry.java:554)
	at org.springframework.beans.factory.support.DefaultListableBeanFactory.destroySingleton(DefaultListableBeanFactory.java:961)
	at org.springframework.beans.factory.support.DefaultSingletonBeanRegistry.destroySingletons(DefaultSingletonBeanRegistry.java:523)
	at org.springframework.beans.factory.support.FactoryBeanRegistrySupport.destroySingletons(FactoryBeanRegistrySupport.java:230)
	at org.springframework.beans.factory.support.DefaultListableBeanFactory.destroySingletons(DefaultListableBeanFactory.java:968)
	at org.springframework.context.support.AbstractApplicationContext.destroyBeans(AbstractApplicationContext.java:1030)
	at org.springframework.context.support.AbstractApplicationContext.doClose(AbstractApplicationContext.java:1006)
	at org.springframework.context.support.AbstractApplicationContext$2.run(AbstractApplicationContext.java:929)
